<?xml version="1.0" encoding="UTF-8"?>
<!-- Generated by org.testng.reporters.JUnitReportReporter -->
<testsuite skipped="0" hostname="DESKTOP-EQ7HS8J" name="Tests.BaseTest" tests="1" failures="0" timestamp="05 Sep 2018 21:53:35 GMT" time="16.643" errors="0">
  <testcase name="browserTest" time="16.643" classname="Tests.BaseTest"/>
</testsuite> <!-- Tests.BaseTest -->
