<?xml version="1.0" encoding="UTF-8"?>
<!-- Generated by org.testng.reporters.JUnitReportReporter -->
<testsuite skipped="0" hostname="DESKTOP-EQ7HS8J" name="com.amazon.test.SignInTest" tests="1" failures="0" timestamp="11 Sep 2018 23:12:40 GMT" time="15.555" errors="0">
  <testcase name="signInTest" time="15.555" classname="com.amazon.test.SignInTest"/>
</testsuite> <!-- com.amazon.test.SignInTest -->
