<?xml version="1.0" encoding="UTF-8"?>
<!-- Generated by org.testng.reporters.JUnitReportReporter -->
<testsuite skipped="0" hostname="DESKTOP-EQ7HS8J" name="com.amazon.test.HomePageTest" tests="1" failures="0" timestamp="11 Sep 2018 23:12:40 GMT" time="6.051" errors="0">
  <testcase name="SearchTest" time="6.051" classname="com.amazon.test.HomePageTest"/>
</testsuite> <!-- com.amazon.test.HomePageTest -->
