<?xml version="1.0" encoding="UTF-8"?>
<!-- Generated by org.testng.reporters.JUnitReportReporter -->
<testsuite skipped="0" hostname="DESKTOP-EQ7HS8J" name="com.amazon.test.SearchResultsTest" tests="1" failures="0" timestamp="11 Sep 2018 23:12:41 GMT" time="0.921" errors="0">
  <testcase name="searchResultsSelectionTest" time="0.921" classname="com.amazon.test.SearchResultsTest"/>
</testsuite> <!-- com.amazon.test.SearchResultsTest -->
